#
# A fatal error has been detected by the Java Runtime Environment:
#
#  EXCEPTION_ACCESS_VIOLATION (0xc0000005) at pc=0x0000000021501066, pid=9308, tid=0x0000000000001fcc
#
# JRE version: Java(TM) SE Runtime Environment (8.0_201-b09) (build 1.8.0_201-b09)
# Java VM: Java HotSpot(TM) 64-Bit Server VM (25.201-b09 mixed mode windows-amd64 compressed oops)
# Problematic frame:
# C  [OpenAL64.dll+0x11066]
#
# Failed to write core dump. Minidumps are not enabled by default on client versions of Windows
#
# If you would like to submit a bug report, please visit:
#   http://bugreport.java.com/bugreport/crash.jsp
# The crash happened outside the Java Virtual Machine in native code.
# See problematic frame for where to report the bug.
#

---------------  T H R E A D  ---------------

Current thread (0x0000000002cc5000):  JavaThread "main" [_thread_in_native, id=8140, stack(0x0000000002bc0000,0x0000000002cc0000)]

siginfo: ExceptionCode=0xc0000005, reading address 0x000000001d990004

Registers:
RAX=0x00000000702b370e, RBX=0x0000000021750090, RCX=0x000000001d990008, RDX=0x000000001d990004
RSP=0x0000000002cbc390, RBP=0x00000000000000ff, RSI=0x000000001d987fbc, RDI=0x0000000000000000
R8 =0x0000000000002012, R9 =0x000000001d987fbc, R10=0x0000000002dd8c3b, R11=0x0000000052b7cd40
R12=0x0000000000000001, R13=0x000000001f1230d8, R14=0x0000000002cbc530, R15=0x0000000002cc5000
RIP=0x0000000021501066, EFLAGS=0x0000000000010202

Top of Stack: (sp=0x0000000002cbc390)
0x0000000002cbc390:   0000000000000000 0000000019f97820
0x0000000002cbc3a0:   0000000002ab7a10 0000000002cc5000
0x0000000002cbc3b0:   000000001f1230d8 0000000000000000
0x0000000002cbc3c0:   0000000002cc5000 0000000002ab7a10
0x0000000002cbc3d0:   000000001f1230d8 0000000002cbc530
0x0000000002cbc3e0:   0000000002abef80 0000000052a0c486
0x0000000002cbc3f0:   0000000002cbccc8 0000000002cc5440
0x0000000002cbc400:   0000000002cc5000 0000000002cbc530
0x0000000002cbc410:   000000001f1230d8 0000000000000000
0x0000000002cbc420:   000000001d987fbc 0000000000000248
0x0000000002cbc430:   0000000002cbc4f8 000000002150248f
0x0000000002cbc440:   0000000021750090 0000000021750090
0x0000000002cbc450:   000000000000ac44 00000000702b370e
0x0000000002cbc460:   0000000002dc7e70 0000000002dd8c67
0x0000000002cbc470:   000000001f1230d8 0000000002dc7e70
0x0000000002cbc480:   0000000002dc7e70 0000000002dd89ab 

Instructions: (pc=0x0000000021501066)
0x0000000021501046:   41 2b ec 81 3a 03 00 02 00 75 09 8b 01 89 84 24
0x0000000021501056:   c8 00 00 00 49 83 c0 02 48 83 c1 08 4a 8d 14 86
0x0000000021501066:   39 3a 75 af 4c 8d 84 24 c0 00 00 00 48 8d 15 d7
0x0000000021501076:   2b 03 00 33 c9 e8 58 5f 00 00 b8 40 1f 00 00 4c 


Register to memory mapping:

RAX=0x00000000702b370e is an unknown value
RBX=0x0000000021750090 is an unknown value
RCX=0x000000001d990008 is an unknown value
RDX=0x000000001d990004 is an unknown value
RSP=0x0000000002cbc390 is pointing into the stack for thread: 0x0000000002cc5000
RBP=0x00000000000000ff is an unknown value
RSI=0x000000001d987fbc is an unknown value
RDI=0x0000000000000000 is an unknown value
R8 =0x0000000000002012 is an unknown value
R9 =0x000000001d987fbc is an unknown value
R10=0x0000000002dd8c3b is at code_begin+891 in an Interpreter codelet
method entry point (kind = native)  [0x0000000002dd88c0, 0x0000000002dd9280]  2496 bytes
R11=0x0000000052b7cd40 is an unknown value
R12=0x0000000000000001 is an unknown value
R13={method} {0x000000001f1230e0} 'nalcCreateContext' '(JJ)J' in 'org/lwjgl/openal/ALC10'
R14=0x0000000002cbc530 is pointing into the stack for thread: 0x0000000002cc5000
R15=0x0000000002cc5000 is a thread


Stack: [0x0000000002bc0000,0x0000000002cc0000],  sp=0x0000000002cbc390,  free space=1008k
Native frames: (J=compiled Java code, j=interpreted, Vv=VM code, C=native code)
C  [OpenAL64.dll+0x11066]
C  [OpenAL64.dll+0x1248f]
C  0x0000000002dd8c67

Java frames: (J=compiled Java code, j=interpreted, Vv=VM code)
j  org.lwjgl.openal.ALC10.nalcCreateContext(JJ)J+0
j  org.lwjgl.openal.ALC10.alcCreateContext(Lorg/lwjgl/openal/ALCdevice;Ljava/nio/IntBuffer;)Lorg/lwjgl/openal/ALCcontext;+8
j  org.lwjgl.openal.AL.init(Ljava/lang/String;IIZZ)V+69
j  org.lwjgl.openal.AL.create(Ljava/lang/String;IIZZ)V+246
j  org.lwjgl.openal.AL.create(Ljava/lang/String;IIZ)V+5
j  org.lwjgl.openal.AL.create()V+6
j  com.badlogic.gdx.backends.lwjgl.audio.OpenALAudio.<init>(III)V+114
j  com.badlogic.gdx.backends.lwjgl.LwjglApplication.<init>(Lcom/badlogic/gdx/ApplicationListener;Lcom/badlogic/gdx/backends/lwjgl/LwjglApplicationConfiguration;Lcom/badlogic/gdx/backends/lwjgl/LwjglGraphics;)V+120
j  com.badlogic.gdx.backends.lwjgl.LwjglApplication.<init>(Lcom/badlogic/gdx/ApplicationListener;Lcom/badlogic/gdx/backends/lwjgl/LwjglApplicationConfiguration;)V+11
j  org.uqbar.project.wollok.game.gameboard.WollokGDXApplication.<init>(Lorg/uqbar/project/wollok/game/gameboard/Gameboard;Ljava/lang/Boolean;)V+17
j  org.uqbar.project.wollok.game.helpers.Application.start(Lorg/uqbar/project/wollok/game/gameboard/Gameboard;Ljava/lang/Boolean;)V+5
j  org.uqbar.project.wollok.game.gameboard.Gameboard.start(Ljava/lang/Boolean;)V+13
j  wollok.game.GameObject.doStart(Ljava/lang/Boolean;)V+5
v  ~StubRoutines::call_stub
J 2996  sun.reflect.NativeMethodAccessorImpl.invoke0(Ljava/lang/reflect/Method;Ljava/lang/Object;[Ljava/lang/Object;)Ljava/lang/Object; (0 bytes) @ 0x0000000003774f3f [0x0000000003774ec0+0x7f]
J 2995 C1 sun.reflect.NativeMethodAccessorImpl.invoke(Ljava/lang/Object;[Ljava/lang/Object;)Ljava/lang/Object; (104 bytes) @ 0x0000000003776824 [0x0000000003775680+0x11a4]
J 3635 C2 sun.reflect.DelegatingMethodAccessorImpl.invoke(Ljava/lang/Object;[Ljava/lang/Object;)Ljava/lang/Object; (10 bytes) @ 0x0000000003ae4cc4 [0x0000000003ae4c80+0x44]
J 2361 C1 java.lang.reflect.Method.invoke(Ljava/lang/Object;[Ljava/lang/Object;)Ljava/lang/Object; (62 bytes) @ 0x000000000359edac [0x000000000359e9c0+0x3ec]
J 3642 C1 org.uqbar.project.wollok.ui.utils.XTendUtilExtensions.invokeConvertingArgs(Ljava/lang/reflect/Method;Ljava/lang/Object;[Ljava/lang/Object;)Lorg/uqbar/project/wollok/interpreter/core/WollokObject; (378 bytes) @ 0x0000000003a0616c [0x0000000003a04540+0x1c2c]
J 3595 C1 org.uqbar.project.wollok.interpreter.AbstractWollokCallable._invokeNative(Ljava/lang/Object;Ljava/lang/String;[Lorg/uqbar/project/wollok/interpreter/core/WollokObject;)Lorg/uqbar/project/wollok/interpreter/core/WollokObject; (50 bytes) @ 0x00000000039d115c [0x00000000039d06e0+0xa7c]
J 3548 C1 org.uqbar.project.wollok.interpreter.AbstractWollokCallable.invokeNative(Ljava/lang/Object;Ljava/lang/String;[Lorg/uqbar/project/wollok/interpreter/core/WollokObject;)Lorg/uqbar/project/wollok/interpreter/core/WollokObject; (76 bytes) @ 0x000000000398cf6c [0x000000000398c320+0xc4c]
J 3450 C1 org.uqbar.project.wollok.interpreter.AbstractWollokCallable$1.apply()Lorg/uqbar/project/wollok/interpreter/core/WollokObject; (151 bytes) @ 0x00000000038f921c [0x00000000038f8bc0+0x65c]
J 3449 C1 org.uqbar.project.wollok.interpreter.AbstractWollokCallable$1.apply()Ljava/lang/Object; (5 bytes) @ 0x00000000038f720c [0x00000000038f7180+0x8c]
J 3299 C1 org.uqbar.project.wollok.interpreter.threads.WThread.performOnStack(Lorg/eclipse/emf/ecore/EObject;Lorg/uqbar/project/wollok/interpreter/context/EvaluationContext;Lorg/eclipse/xtext/xbase/lib/Functions$Function0;)Lorg/uqbar/project/wollok/interpreter/core/WollokObject; (163 bytes) @ 0x0000000003885c94 [0x0000000003885960+0x334]
J 3454 C1 org.uqbar.project.wollok.interpreter.AbstractWollokCallable.call(Lorg/uqbar/project/wollok/wollokDsl/WMethodDeclaration;[Lorg/uqbar/project/wollok/interpreter/core/WollokObject;)Lorg/uqbar/project/wollok/interpreter/core/WollokObject; (46 bytes) @ 0x000000000390db94 [0x000000000390d0a0+0xaf4]
J 3389 C1 org.uqbar.project.wollok.interpreter.core.WollokObject.call(Ljava/lang/String;[Lorg/uqbar/project/wollok/interpreter/core/WollokObject;)Lorg/uqbar/project/wollok/interpreter/core/WollokObject; (61 bytes) @ 0x00000000038c22bc [0x00000000038c1c00+0x6bc]
J 3416 C1 org.uqbar.project.wollok.interpreter.WollokInterpreterEvaluator._evaluate(Lorg/uqbar/project/wollok/wollokDsl/WFeatureCall;)Lorg/uqbar/project/wollok/interpreter/core/WollokObject; (125 bytes) @ 0x00000000038e7e14 [0x00000000038e5f60+0x1eb4]
J 3180 C1 org.uqbar.project.wollok.launch.WollokLauncherInterpreterEvaluator.evaluate(Lorg/eclipse/emf/ecore/EObject;)Lorg/uqbar/project/wollok/interpreter/core/WollokObject; (502 bytes) @ 0x0000000003813e8c [0x000000000380fce0+0x41ac]
J 3181 C1 org.uqbar.project.wollok.interpreter.WollokInterpreter.eval(Lorg/eclipse/emf/ecore/EObject;)Lorg/uqbar/project/wollok/interpreter/core/WollokObject; (190 bytes) @ 0x000000000382118c [0x0000000003820780+0xa0c]
J 3385 C1 org.uqbar.project.wollok.interpreter.WollokInterpreterEvaluator$1.apply(Ljava/lang/Object;Ljava/lang/Object;)Ljava/lang/Object; (13 bytes) @ 0x00000000038b2de4 [0x00000000038b2a60+0x384]
J 3312 C1 org.eclipse.xtext.xbase.lib.IteratorExtensions.fold(Ljava/util/Iterator;Ljava/lang/Object;Lorg/eclipse/xtext/xbase/lib/Functions$Function2;)Ljava/lang/Object; (30 bytes) @ 0x000000000389485c [0x00000000038946a0+0x1bc]
J 3482 C1 org.uqbar.project.wollok.interpreter.WollokInterpreterEvaluator._evaluate(Lorg/uqbar/project/wollok/wollokDsl/WBlockExpression;)Lorg/uqbar/project/wollok/interpreter/core/WollokObject; (40 bytes) @ 0x0000000003955414 [0x00000000039547c0+0xc54]
J 3180 C1 org.uqbar.project.wollok.launch.WollokLauncherInterpreterEvaluator.evaluate(Lorg/eclipse/emf/ecore/EObject;)Lorg/uqbar/project/wollok/interpreter/core/WollokObject; (502 bytes) @ 0x00000000038176cc [0x000000000380fce0+0x79ec]
J 3181 C1 org.uqbar.project.wollok.interpreter.WollokInterpreter.eval(Lorg/eclipse/emf/ecore/EObject;)Lorg/uqbar/project/wollok/interpreter/core/WollokObject; (190 bytes) @ 0x000000000382118c [0x0000000003820780+0xa0c]
J 3450 C1 org.uqbar.project.wollok.interpreter.AbstractWollokCallable$1.apply()Lorg/uqbar/project/wollok/interpreter/core/WollokObject; (151 bytes) @ 0x00000000038f954c [0x00000000038f8bc0+0x98c]
J 3449 C1 org.uqbar.project.wollok.interpreter.AbstractWollokCallable$1.apply()Ljava/lang/Object; (5 bytes) @ 0x00000000038f720c [0x00000000038f7180+0x8c]
J 3299 C1 org.uqbar.project.wollok.interpreter.threads.WThread.performOnStack(Lorg/eclipse/emf/ecore/EObject;Lorg/uqbar/project/wollok/interpreter/context/EvaluationContext;Lorg/eclipse/xtext/xbase/lib/Functions$Function0;)Lorg/uqbar/project/wollok/interpreter/core/WollokObject; (163 bytes) @ 0x0000000003885c94 [0x0000000003885960+0x334]
J 3454 C1 org.uqbar.project.wollok.interpreter.AbstractWollokCallable.call(Lorg/uqbar/project/wollok/wollokDsl/WMethodDeclaration;[Lorg/uqbar/project/wollok/interpreter/core/WollokObject;)Lorg/uqbar/project/wollok/interpreter/core/WollokObject; (46 bytes) @ 0x000000000390db94 [0x000000000390d0a0+0xaf4]
J 3389 C1 org.uqbar.project.wollok.interpreter.core.WollokObject.call(Ljava/lang/String;[Lorg/uqbar/project/wollok/interpreter/core/WollokObject;)Lorg/uqbar/project/wollok/interpreter/core/WollokObject; (61 bytes) @ 0x00000000038c22bc [0x00000000038c1c00+0x6bc]
J 3416 C1 org.uqbar.project.wollok.interpreter.WollokInterpreterEvaluator._evaluate(Lorg/uqbar/project/wollok/wollokDsl/WFeatureCall;)Lorg/uqbar/project/wollok/interpreter/core/WollokObject; (125 bytes) @ 0x00000000038e7e14 [0x00000000038e5f60+0x1eb4]
J 3180 C1 org.uqbar.project.wollok.launch.WollokLauncherInterpreterEvaluator.evaluate(Lorg/eclipse/emf/ecore/EObject;)Lorg/uqbar/project/wollok/interpreter/core/WollokObject; (502 bytes) @ 0x0000000003813e8c [0x000000000380fce0+0x41ac]
J 3181 C1 org.uqbar.project.wollok.interpreter.WollokInterpreter.eval(Lorg/eclipse/emf/ecore/EObject;)Lorg/uqbar/project/wollok/interpreter/core/WollokObject; (190 bytes) @ 0x000000000382118c [0x0000000003820780+0xa0c]
J 3385 C1 org.uqbar.project.wollok.interpreter.WollokInterpreterEvaluator$1.apply(Ljava/lang/Object;Ljava/lang/Object;)Ljava/lang/Object; (13 bytes) @ 0x00000000038b2de4 [0x00000000038b2a60+0x384]
j  org.eclipse.xtext.xbase.lib.IteratorExtensions.fold(Ljava/util/Iterator;Ljava/lang/Object;Lorg/eclipse/xtext/xbase/lib/Functions$Function2;)Ljava/lang/Object;+19
j  org.eclipse.xtext.xbase.lib.IterableExtensions.fold(Ljava/lang/Iterable;Ljava/lang/Object;Lorg/eclipse/xtext/xbase/lib/Functions$Function2;)Ljava/lang/Object;+8
j  org.uqbar.project.wollok.interpreter.WollokInterpreterEvaluator.evalAll(Ljava/lang/Iterable;)Lorg/uqbar/project/wollok/interpreter/core/WollokObject;+12
j  org.uqbar.project.wollok.interpreter.WollokInterpreterEvaluator._evaluate(Lorg/uqbar/project/wollok/wollokDsl/WProgram;)Lorg/uqbar/project/wollok/interpreter/core/WollokObject;+18
j  org.uqbar.project.wollok.launch.WollokLauncherInterpreterEvaluator.evaluate(Lorg/eclipse/emf/ecore/EObject;)Lorg/uqbar/project/wollok/interpreter/core/WollokObject;+444
j  org.uqbar.project.wollok.interpreter.WollokInterpreterEvaluator.evaluate(Lorg/eclipse/emf/ecore/EObject;)Ljava/lang/Object;+2
j  org.uqbar.project.wollok.interpreter.WollokInterpreter.eval(Lorg/eclipse/emf/ecore/EObject;)Lorg/uqbar/project/wollok/interpreter/core/WollokObject;+63
j  org.uqbar.project.wollok.interpreter.WollokInterpreterEvaluator.eval(Lorg/eclipse/emf/ecore/EObject;)Lorg/uqbar/project/wollok/interpreter/core/WollokObject;+5
j  org.uqbar.project.wollok.launch.WollokLauncherInterpreterEvaluator._evaluate(Lorg/uqbar/project/wollok/wollokDsl/WFile;)Lorg/uqbar/project/wollok/interpreter/core/WollokObject;+32
j  org.uqbar.project.wollok.launch.WollokLauncherInterpreterEvaluator.evaluate(Lorg/eclipse/emf/ecore/EObject;)Lorg/uqbar/project/wollok/interpreter/core/WollokObject;+428
j  org.uqbar.project.wollok.interpreter.WollokInterpreterEvaluator.evaluate(Lorg/eclipse/emf/ecore/EObject;)Ljava/lang/Object;+2
j  org.uqbar.project.wollok.interpreter.WollokInterpreter.interpret(Lorg/eclipse/emf/ecore/EObject;Ljava/lang/Boolean;)Lorg/uqbar/project/wollok/interpreter/core/WollokObject;+25
j  org.uqbar.project.wollok.interpreter.WollokInterpreter.interpret(Lorg/eclipse/emf/ecore/EObject;)Lorg/uqbar/project/wollok/interpreter/core/WollokObject;+8
j  org.uqbar.project.wollok.launch.WollokLauncher.doSomething(Lorg/uqbar/project/wollok/wollokDsl/WFile;Lcom/google/inject/Injector;Ljava/io/File;Lorg/uqbar/project/wollok/launch/WollokLauncherParameters;)V+57
j  org.uqbar.project.wollok.launch.WollokChecker.launch(Ljava/lang/String;Lorg/uqbar/project/wollok/launch/WollokLauncherParameters;)V+31
j  org.uqbar.project.wollok.launch.WollokChecker.doMain([Ljava/lang/String;)V+201
j  org.uqbar.project.wollok.launch.WollokLauncher.main([Ljava/lang/String;)V+8
v  ~StubRoutines::call_stub

---------------  P R O C E S S  ---------------

Java Threads: ( => current thread )
  0x000000001b4ad800 JavaThread "com.google.inject.internal.util.$Finalizer" daemon [_thread_blocked, id=7384, stack(0x000000001c5c0000,0x000000001c6c0000)]
  0x000000001af52000 JavaThread "EMF Reference Cleaner" daemon [_thread_blocked, id=8340, stack(0x000000001c2c0000,0x000000001c3c0000)]
  0x0000000019d96000 JavaThread "Service Thread" daemon [_thread_blocked, id=5384, stack(0x000000001a8f0000,0x000000001a9f0000)]
  0x0000000019d13000 JavaThread "C1 CompilerThread3" daemon [_thread_blocked, id=9060, stack(0x000000001a7f0000,0x000000001a8f0000)]
  0x0000000019d08000 JavaThread "C2 CompilerThread2" daemon [_thread_blocked, id=1372, stack(0x000000001a6f0000,0x000000001a7f0000)]
  0x0000000019d04000 JavaThread "C2 CompilerThread1" daemon [_thread_blocked, id=6804, stack(0x000000001a5f0000,0x000000001a6f0000)]
  0x0000000019d01000 JavaThread "C2 CompilerThread0" daemon [_thread_blocked, id=3224, stack(0x000000001a4f0000,0x000000001a5f0000)]
  0x0000000019cff000 JavaThread "Attach Listener" daemon [_thread_blocked, id=6992, stack(0x000000001a3f0000,0x000000001a4f0000)]
  0x0000000019cfe000 JavaThread "Signal Dispatcher" daemon [_thread_blocked, id=6264, stack(0x000000001a2f0000,0x000000001a3f0000)]
  0x0000000002dbd800 JavaThread "Finalizer" daemon [_thread_blocked, id=2904, stack(0x000000001a0d0000,0x000000001a1d0000)]
  0x0000000017ddd800 JavaThread "Reference Handler" daemon [_thread_blocked, id=9324, stack(0x0000000019bd0000,0x0000000019cd0000)]
=>0x0000000002cc5000 JavaThread "main" [_thread_in_native, id=8140, stack(0x0000000002bc0000,0x0000000002cc0000)]

Other Threads:
  0x0000000017dd9000 VMThread [stack: 0x0000000019ad0000,0x0000000019bd0000] [id=5620]
  0x0000000019de1000 WatcherThread [stack: 0x000000001a9f0000,0x000000001aaf0000] [id=3888]

VM state:not at safepoint (normal execution)

VM Mutex/Monitor currently owned by a thread: None

heap address: 0x0000000080800000, size: 2040 MB, Compressed Oops mode: 32-bit
Narrow klass base: 0x0000000000000000, Narrow klass shift: 3
Compressed class space size: 1073741824 Address: 0x0000000100000000

Heap:
 PSYoungGen      total 147968K, used 2629K [0x00000000d5800000, 0x00000000e7a00000, 0x0000000100000000)
  eden space 132608K, 1% used [0x00000000d5800000,0x00000000d5a91568,0x00000000dd980000)
  from space 15360K, 0% used [0x00000000dd980000,0x00000000dd980000,0x00000000de880000)
  to   space 15872K, 0% used [0x00000000e6a80000,0x00000000e6a80000,0x00000000e7a00000)
 ParOldGen       total 87552K, used 23807K [0x0000000080800000, 0x0000000085d80000, 0x00000000d5800000)
  object space 87552K, 27% used [0x0000000080800000,0x0000000081f3fff8,0x0000000085d80000)
 Metaspace       used 21137K, capacity 21426K, committed 21504K, reserved 1069056K
  class space    used 2685K, capacity 2743K, committed 2816K, reserved 1048576K

Card table byte_map: [0x0000000012180000,0x0000000012580000] byte_map_base: 0x0000000011d7c000

Marking Bits: (ParMarkBitMap*) 0x0000000053174ce0
 Begin Bits: [0x0000000013030000, 0x0000000015010000)
 End Bits:   [0x0000000015010000, 0x0000000016ff0000)

Polling page: 0x00000000009f0000

CodeCache: size=245760Kb used=13822Kb max_used=13849Kb free=231937Kb
 bounds [0x0000000002dc0000, 0x0000000003b60000, 0x0000000011dc0000]
 total_blobs=4323 nmethods=3900 adapters=334
 compilation: enabled

Compilation events (10 events):
Event: 3.751 Thread 0x0000000019d13000 3903       3       java.nio.DirectByteBuffer::put (18 bytes)
Event: 3.752 Thread 0x0000000019d13000 nmethod 3903 0x0000000003b3a690 code [0x0000000003b3a800, 0x0000000003b3aa70]
Event: 3.752 Thread 0x0000000019d13000 3904       3       java.nio.DirectByteBuffer::ix (10 bytes)
Event: 3.752 Thread 0x0000000019d13000 nmethod 3904 0x0000000003b3a390 code [0x0000000003b3a4e0, 0x0000000003b3a630]
Event: 3.753 Thread 0x0000000019d13000 3906       3       java.nio.DirectByteBuffer::put (18 bytes)
Event: 3.753 Thread 0x0000000019d13000 nmethod 3906 0x0000000003b39e90 code [0x0000000003b3a000, 0x0000000003b3a270]
Event: 3.753 Thread 0x0000000019d13000 3907       1       java.nio.DirectByteBuffer::ix (10 bytes)
Event: 3.753 Thread 0x0000000019d13000 nmethod 3907 0x0000000003b39bd0 code [0x0000000003b39d20, 0x0000000003b39e30]
Event: 3.756 Thread 0x0000000019d13000 3908       1       java.io.ExpiringCache::access$000 (5 bytes)
Event: 3.756 Thread 0x0000000019d13000 nmethod 3908 0x0000000003b39910 code [0x0000000003b39a60, 0x0000000003b39b50]

GC Heap History (10 events):
Event: 1.469 GC heap before
{Heap before GC invocations=4 (full 0):
 PSYoungGen      total 38400K, used 38395K [0x00000000d5800000, 0x00000000da300000, 0x0000000100000000)
  eden space 33280K, 100% used [0x00000000d5800000,0x00000000d7880000,0x00000000d7880000)
  from space 5120K, 99% used [0x00000000d7880000,0x00000000d7d7ec60,0x00000000d7d80000)
  to   space 5120K, 0% used [0x00000000d9e00000,0x00000000d9e00000,0x00000000da300000)
 ParOldGen       total 87552K, used 12750K [0x0000000080800000, 0x0000000085d80000, 0x00000000d5800000)
  object space 87552K, 14% used [0x0000000080800000,0x00000000814739b8,0x0000000085d80000)
 Metaspace       used 16414K, capacity 16552K, committed 16640K, reserved 1062912K
  class space    used 2196K, capacity 2240K, committed 2304K, reserved 1048576K
Event: 1.480 GC heap after
Heap after GC invocations=4 (full 0):
 PSYoungGen      total 71680K, used 5115K [0x00000000d5800000, 0x00000000da300000, 0x0000000100000000)
  eden space 66560K, 0% used [0x00000000d5800000,0x00000000d5800000,0x00000000d9900000)
  from space 5120K, 99% used [0x00000000d9e00000,0x00000000da2fec80,0x00000000da300000)
  to   space 5120K, 0% used [0x00000000d9900000,0x00000000d9900000,0x00000000d9e00000)
 ParOldGen       total 87552K, used 19199K [0x0000000080800000, 0x0000000085d80000, 0x00000000d5800000)
  object space 87552K, 21% used [0x0000000080800000,0x0000000081abffb0,0x0000000085d80000)
 Metaspace       used 16414K, capacity 16552K, committed 16640K, reserved 1062912K
  class space    used 2196K, capacity 2240K, committed 2304K, reserved 1048576K
}
Event: 2.616 GC heap before
{Heap before GC invocations=5 (full 0):
 PSYoungGen      total 71680K, used 71675K [0x00000000d5800000, 0x00000000da300000, 0x0000000100000000)
  eden space 66560K, 100% used [0x00000000d5800000,0x00000000d9900000,0x00000000d9900000)
  from space 5120K, 99% used [0x00000000d9e00000,0x00000000da2fec80,0x00000000da300000)
  to   space 5120K, 0% used [0x00000000d9900000,0x00000000d9900000,0x00000000d9e00000)
 ParOldGen       total 87552K, used 19199K [0x0000000080800000, 0x0000000085d80000, 0x00000000d5800000)
  object space 87552K, 21% used [0x0000000080800000,0x0000000081abffb0,0x0000000085d80000)
 Metaspace       used 19852K, capacity 20068K, committed 20352K, reserved 1067008K
  class space    used 2565K, capacity 2602K, committed 2688K, reserved 1048576K
Event: 2.630 GC heap after
Heap after GC invocations=5 (full 0):
 PSYoungGen      total 71680K, used 5091K [0x00000000d5800000, 0x00000000df700000, 0x0000000100000000)
  eden space 66560K, 0% used [0x00000000d5800000,0x00000000d5800000,0x00000000d9900000)
  from space 5120K, 99% used [0x00000000d9900000,0x00000000d9df8c70,0x00000000d9e00000)
  to   space 14848K, 0% used [0x00000000de880000,0x00000000de880000,0x00000000df700000)
 ParOldGen       total 87552K, used 25883K [0x0000000080800000, 0x0000000085d80000, 0x00000000d5800000)
  object space 87552K, 29% used [0x0000000080800000,0x0000000082146f28,0x0000000085d80000)
 Metaspace       used 19852K, capacity 20068K, committed 20352K, reserved 1067008K
  class space    used 2565K, capacity 2602K, committed 2688K, reserved 1048576K
}
Event: 3.260 GC heap before
{Heap before GC invocations=6 (full 0):
 PSYoungGen      total 71680K, used 71651K [0x00000000d5800000, 0x00000000df700000, 0x0000000100000000)
  eden space 66560K, 100% used [0x00000000d5800000,0x00000000d9900000,0x00000000d9900000)
  from space 5120K, 99% used [0x00000000d9900000,0x00000000d9df8c70,0x00000000d9e00000)
  to   space 14848K, 0% used [0x00000000de880000,0x00000000de880000,0x00000000df700000)
 ParOldGen       total 87552K, used 25883K [0x0000000080800000, 0x0000000085d80000, 0x00000000d5800000)
  object space 87552K, 29% used [0x0000000080800000,0x0000000082146f28,0x0000000085d80000)
 Metaspace       used 20172K, capacity 20396K, committed 20608K, reserved 1067008K
  class space    used 2576K, capacity 2614K, committed 2688K, reserved 1048576K
Event: 3.271 GC heap after
Heap after GC invocations=6 (full 0):
 PSYoungGen      total 147456K, used 5411K [0x00000000d5800000, 0x00000000df800000, 0x0000000100000000)
  eden space 132608K, 0% used [0x00000000d5800000,0x00000000d5800000,0x00000000dd980000)
  from space 14848K, 36% used [0x00000000de880000,0x00000000dedc8c50,0x00000000df700000)
  to   space 15360K, 0% used [0x00000000dd980000,0x00000000dd980000,0x00000000de880000)
 ParOldGen       total 87552K, used 25891K [0x0000000080800000, 0x0000000085d80000, 0x00000000d5800000)
  object space 87552K, 29% used [0x0000000080800000,0x0000000082148f28,0x0000000085d80000)
 Metaspace       used 20172K, capacity 20396K, committed 20608K, reserved 1067008K
  class space    used 2576K, capacity 2614K, committed 2688K, reserved 1048576K
}
Event: 3.604 GC heap before
{Heap before GC invocations=7 (full 0):
 PSYoungGen      total 147456K, used 26597K [0x00000000d5800000, 0x00000000df800000, 0x0000000100000000)
  eden space 132608K, 15% used [0x00000000d5800000,0x00000000d6cb0a90,0x00000000dd980000)
  from space 14848K, 36% used [0x00000000de880000,0x00000000dedc8c50,0x00000000df700000)
  to   space 15360K, 0% used [0x00000000dd980000,0x00000000dd980000,0x00000000de880000)
 ParOldGen       total 87552K, used 25891K [0x0000000080800000, 0x0000000085d80000, 0x00000000d5800000)
  object space 87552K, 29% used [0x0000000080800000,0x0000000082148f28,0x0000000085d80000)
 Metaspace       used 20902K, capacity 21138K, committed 21248K, reserved 1067008K
  class space    used 2650K, capacity 2711K, committed 2816K, reserved 1048576K
Event: 3.616 GC heap after
Heap after GC invocations=7 (full 0):
 PSYoungGen      total 147968K, used 3337K [0x00000000d5800000, 0x00000000e7a00000, 0x0000000100000000)
  eden space 132608K, 0% used [0x00000000d5800000,0x00000000d5800000,0x00000000dd980000)
  from space 15360K, 21% used [0x00000000dd980000,0x00000000ddcc24b0,0x00000000de880000)
  to   space 15872K, 0% used [0x00000000e6a80000,0x00000000e6a80000,0x00000000e7a00000)
 ParOldGen       total 87552K, used 28550K [0x0000000080800000, 0x0000000085d80000, 0x00000000d5800000)
  object space 87552K, 32% used [0x0000000080800000,0x00000000823e1a68,0x0000000085d80000)
 Metaspace       used 20902K, capacity 21138K, committed 21248K, reserved 1067008K
  class space    used 2650K, capacity 2711K, committed 2816K, reserved 1048576K
}
Event: 3.616 GC heap before
{Heap before GC invocations=8 (full 1):
 PSYoungGen      total 147968K, used 3337K [0x00000000d5800000, 0x00000000e7a00000, 0x0000000100000000)
  eden space 132608K, 0% used [0x00000000d5800000,0x00000000d5800000,0x00000000dd980000)
  from space 15360K, 21% used [0x00000000dd980000,0x00000000ddcc24b0,0x00000000de880000)
  to   space 15872K, 0% used [0x00000000e6a80000,0x00000000e6a80000,0x00000000e7a00000)
 ParOldGen       total 87552K, used 28550K [0x0000000080800000, 0x0000000085d80000, 0x00000000d5800000)
  object space 87552K, 32% used [0x0000000080800000,0x00000000823e1a68,0x0000000085d80000)
 Metaspace       used 20902K, capacity 21138K, committed 21248K, reserved 1067008K
  class space    used 2650K, capacity 2711K, committed 2816K, reserved 1048576K
Event: 3.722 GC heap after
Heap after GC invocations=8 (full 1):
 PSYoungGen      total 147968K, used 0K [0x00000000d5800000, 0x00000000e7a00000, 0x0000000100000000)
  eden space 132608K, 0% used [0x00000000d5800000,0x00000000d5800000,0x00000000dd980000)
  from space 15360K, 0% used [0x00000000dd980000,0x00000000dd980000,0x00000000de880000)
  to   space 15872K, 0% used [0x00000000e6a80000,0x00000000e6a80000,0x00000000e7a00000)
 ParOldGen       total 87552K, used 23807K [0x0000000080800000, 0x0000000085d80000, 0x00000000d5800000)
  object space 87552K, 27% used [0x0000000080800000,0x0000000081f3fff8,0x0000000085d80000)
 Metaspace       used 20902K, capacity 21138K, committed 21248K, reserved 1067008K
  class space    used 2650K, capacity 2711K, committed 2816K, reserved 1048576K
}

Deoptimization events (10 events):
Event: 3.158 Thread 0x0000000002cc5000 Uncommon trap: reason=class_check action=maybe_recompile pc=0x0000000003a59618 method=com.google.common.collect.Lists$TransformingRandomAccessList.<init>(Ljava/util/List;Lcom/google/common/base/Function;)V @ 9
Event: 3.158 Thread 0x0000000002cc5000 Uncommon trap: reason=class_check action=maybe_recompile pc=0x0000000003a59618 method=com.google.common.collect.Lists$TransformingRandomAccessList.<init>(Ljava/util/List;Lcom/google/common/base/Function;)V @ 9
Event: 3.158 Thread 0x0000000002cc5000 Uncommon trap: reason=class_check action=maybe_recompile pc=0x0000000003a59618 method=com.google.common.collect.Lists$TransformingRandomAccessList.<init>(Ljava/util/List;Lcom/google/common/base/Function;)V @ 9
Event: 3.238 Thread 0x0000000002cc5000 Uncommon trap: reason=class_check action=maybe_recompile pc=0x0000000003a98b80 method=com.google.common.collect.Lists$TransformingRandomAccessList.<init>(Ljava/util/List;Lcom/google/common/base/Function;)V @ 9
Event: 3.360 Thread 0x0000000002cc5000 Uncommon trap: reason=predicate action=maybe_recompile pc=0x0000000003ad10a8 method=java.util.AbstractCollection.toArray([Ljava/lang/Object;)[Ljava/lang/Object; @ 49
Event: 3.405 Thread 0x0000000002cc5000 Uncommon trap: reason=array_check action=maybe_recompile pc=0x0000000003ae7c88 method=java.util.AbstractCollection.toArray([Ljava/lang/Object;)[Ljava/lang/Object; @ 119
Event: 3.408 Thread 0x0000000002cc5000 Uncommon trap: reason=array_check action=maybe_recompile pc=0x0000000003ae7c88 method=java.util.AbstractCollection.toArray([Ljava/lang/Object;)[Ljava/lang/Object; @ 119
Event: 3.408 Thread 0x0000000002cc5000 Uncommon trap: reason=array_check action=maybe_recompile pc=0x0000000003ae7c88 method=java.util.AbstractCollection.toArray([Ljava/lang/Object;)[Ljava/lang/Object; @ 119
Event: 3.409 Thread 0x0000000002cc5000 Uncommon trap: reason=array_check action=maybe_recompile pc=0x0000000003ae7c88 method=java.util.AbstractCollection.toArray([Ljava/lang/Object;)[Ljava/lang/Object; @ 119
Event: 3.488 Thread 0x0000000002cc5000 Uncommon trap: reason=unstable_if action=reinterpret pc=0x00000000038444ac method=java.io.WinNTFileSystem.normalize(Ljava/lang/String;)Ljava/lang/String; @ 49

Classes redefined (0 events):
No events

Internal exceptions (10 events):
Event: 2.334 Thread 0x0000000002cc5000 Exception <a 'java/lang/reflect/InvocationTargetException'> (0x00000000d873c6b8) thrown at [C:\re\workspace\8-2-build-windows-amd64-cygwin\jdk8u201\12322\hotspot\src\share\vm\runtime\reflection.cpp, line 1092]
Event: 2.335 Thread 0x0000000002cc5000 Exception <a 'java/lang/reflect/InvocationTargetException'> (0x00000000d8750068) thrown at [C:\re\workspace\8-2-build-windows-amd64-cygwin\jdk8u201\12322\hotspot\src\share\vm\runtime\reflection.cpp, line 1092]
Event: 2.337 Thread 0x0000000002cc5000 Exception <a 'java/lang/reflect/InvocationTargetException'> (0x00000000d877fd68) thrown at [C:\re\workspace\8-2-build-windows-amd64-cygwin\jdk8u201\12322\hotspot\src\share\vm\runtime\reflection.cpp, line 1092]
Event: 2.338 Thread 0x0000000002cc5000 Exception <a 'java/lang/reflect/InvocationTargetException'> (0x00000000d8793718) thrown at [C:\re\workspace\8-2-build-windows-amd64-cygwin\jdk8u201\12322\hotspot\src\share\vm\runtime\reflection.cpp, line 1092]
Event: 3.760 Thread 0x0000000002cc5000 Exception <a 'java/security/PrivilegedActionException'> (0x00000000d592aa30) thrown at [C:\re\workspace\8-2-build-windows-amd64-cygwin\jdk8u201\12322\hotspot\src\share\vm\prims\jvm.cpp, line 1502]
Event: 3.760 Thread 0x0000000002cc5000 Exception <a 'java/security/PrivilegedActionException'> (0x00000000d592bf60) thrown at [C:\re\workspace\8-2-build-windows-amd64-cygwin\jdk8u201\12322\hotspot\src\share\vm\prims\jvm.cpp, line 1502]
Event: 3.760 Thread 0x0000000002cc5000 Exception <a 'java/security/PrivilegedActionException'> (0x00000000d592d390) thrown at [C:\re\workspace\8-2-build-windows-amd64-cygwin\jdk8u201\12322\hotspot\src\share\vm\prims\jvm.cpp, line 1502]
Event: 3.760 Thread 0x0000000002cc5000 Exception <a 'java/security/PrivilegedActionException'> (0x00000000d592ea50) thrown at [C:\re\workspace\8-2-build-windows-amd64-cygwin\jdk8u201\12322\hotspot\src\share\vm\prims\jvm.cpp, line 1502]
Event: 3.760 Thread 0x0000000002cc5000 Exception <a 'java/security/PrivilegedActionException'> (0x00000000d592fe48) thrown at [C:\re\workspace\8-2-build-windows-amd64-cygwin\jdk8u201\12322\hotspot\src\share\vm\prims\jvm.cpp, line 1502]
Event: 3.760 Thread 0x0000000002cc5000 Exception <a 'java/security/PrivilegedActionException'> (0x00000000d5931210) thrown at [C:\re\workspace\8-2-build-windows-amd64-cygwin\jdk8u201\12322\hotspot\src\share\vm\prims\jvm.cpp, line 1502]

Events (10 events):
Event: 3.784 loading class org/lwjgl/openal/ALCdevice
Event: 3.784 loading class org/lwjgl/openal/ALCdevice done
Event: 3.785 loading class org/lwjgl/openal/ALCcontext
Event: 3.785 loading class org/lwjgl/openal/ALCcontext done
Event: 3.785 loading class java/nio/DirectIntBufferU
Event: 3.786 loading class java/nio/DirectIntBufferU done
Event: 3.786 loading class org/lwjgl/openal/Util
Event: 3.786 loading class org/lwjgl/openal/Util done
Event: 3.786 loading class org/lwjgl/openal/OpenALException
Event: 3.786 loading class org/lwjgl/openal/OpenALException done


Dynamic libraries:
0x00007ff722050000 - 0x00007ff722087000 	C:\Program Files\Java\jre1.8.0_201\bin\javaw.exe
0x00007fff78570000 - 0x00007fff7875d000 	C:\Windows\SYSTEM32\ntdll.dll
0x00007fff76670000 - 0x00007fff76723000 	C:\Windows\System32\KERNEL32.DLL
0x00007fff74640000 - 0x00007fff748d3000 	C:\Windows\System32\KERNELBASE.dll
0x00007fff726b0000 - 0x00007fff7273c000 	C:\Windows\SYSTEM32\apphelp.dll
0x00007fff75e20000 - 0x00007fff75ec3000 	C:\Windows\System32\ADVAPI32.dll
0x00007fff765d0000 - 0x00007fff7666e000 	C:\Windows\System32\msvcrt.dll
0x00007fff76520000 - 0x00007fff765be000 	C:\Windows\System32\sechost.dll
0x00007fff758e0000 - 0x00007fff75a02000 	C:\Windows\System32\RPCRT4.dll
0x00007fff77f30000 - 0x00007fff780c7000 	C:\Windows\System32\USER32.dll
0x00007fff75320000 - 0x00007fff75340000 	C:\Windows\System32\win32u.dll
0x00007fff75df0000 - 0x00007fff75e19000 	C:\Windows\System32\GDI32.dll
0x00007fff749b0000 - 0x00007fff74b4a000 	C:\Windows\System32\gdi32full.dll
0x00007fff754f0000 - 0x00007fff75590000 	C:\Windows\System32\msvcp_win.dll
0x00007fff75340000 - 0x00007fff7543a000 	C:\Windows\System32\ucrtbase.dll
0x00007fff64f20000 - 0x00007fff65199000 	C:\Windows\WinSxS\amd64_microsoft.windows.common-controls_6595b64144ccf1df_6.0.17763.503_none_05b23ef40721f4ae\COMCTL32.dll
0x00007fff75a10000 - 0x00007fff75d3c000 	C:\Windows\System32\combase.dll
0x00007fff74930000 - 0x00007fff749ae000 	C:\Windows\System32\bcryptPrimitives.dll
0x00007fff78330000 - 0x00007fff7835e000 	C:\Windows\System32\IMM32.DLL
0x0000000052790000 - 0x0000000052861000 	C:\Program Files\Java\jre1.8.0_201\bin\msvcr100.dll
0x0000000052950000 - 0x00000000531f4000 	C:\Program Files\Java\jre1.8.0_201\bin\server\jvm.dll
0x00007fff75ed0000 - 0x00007fff75ed8000 	C:\Windows\System32\PSAPI.DLL
0x00007fff6fc50000 - 0x00007fff6fc5a000 	C:\Windows\SYSTEM32\VERSION.dll
0x00007fff6d5d0000 - 0x00007fff6d5d9000 	C:\Windows\SYSTEM32\WSOCK32.dll
0x00007fff724a0000 - 0x00007fff724c4000 	C:\Windows\SYSTEM32\WINMM.dll
0x00007fff78360000 - 0x00007fff783cd000 	C:\Windows\System32\WS2_32.dll
0x00007fff72390000 - 0x00007fff723bd000 	C:\Windows\SYSTEM32\winmmbase.dll
0x00007fff748e0000 - 0x00007fff7492a000 	C:\Windows\System32\cfgmgr32.dll
0x00007fff61440000 - 0x00007fff6144f000 	C:\Program Files\Java\jre1.8.0_201\bin\verify.dll
0x00007fff411a0000 - 0x00007fff411c9000 	C:\Program Files\Java\jre1.8.0_201\bin\java.dll
0x00007fff4b2f0000 - 0x00007fff4b306000 	C:\Program Files\Java\jre1.8.0_201\bin\zip.dll
0x00007fff76890000 - 0x00007fff77d80000 	C:\Windows\System32\SHELL32.dll
0x00007fff75d40000 - 0x00007fff75de8000 	C:\Windows\System32\shcore.dll
0x00007fff74bd0000 - 0x00007fff7531a000 	C:\Windows\System32\windows.storage.dll
0x00007fff745b0000 - 0x00007fff745d4000 	C:\Windows\System32\profapi.dll
0x00007fff745e0000 - 0x00007fff7463d000 	C:\Windows\System32\powrprof.dll
0x00007fff75880000 - 0x00007fff758d2000 	C:\Windows\System32\shlwapi.dll
0x00007fff74590000 - 0x00007fff745a1000 	C:\Windows\System32\kernel.appcore.dll
0x00007fff74bb0000 - 0x00007fff74bc7000 	C:\Windows\System32\cryptsp.dll
0x0000000065580000 - 0x0000000065616000 	C:\Users\ivane\AppData\Local\Temp\libgdxivane\12dfaa03\gdx64.dll
0x00007fff73950000 - 0x00007fff73983000 	C:\Windows\system32\rsaenh.dll
0x00007fff75770000 - 0x00007fff75796000 	C:\Windows\System32\bcrypt.dll
0x00007fff744a0000 - 0x00007fff744c8000 	C:\Windows\SYSTEM32\USERENV.dll
0x00007fff73f60000 - 0x00007fff73f6c000 	C:\Windows\SYSTEM32\CRYPTBASE.dll
0x00007fff48e50000 - 0x00007fff48e6a000 	C:\Program Files\Java\jre1.8.0_201\bin\net.dll
0x00007fff6a240000 - 0x00007fff6a416000 	C:\Windows\SYSTEM32\urlmon.dll
0x00007fff6d0b0000 - 0x00007fff6d358000 	C:\Windows\SYSTEM32\iertutil.dll
0x00007fff73d90000 - 0x00007fff73df7000 	C:\Windows\system32\mswsock.dll
0x00007fff73af0000 - 0x00007fff73b2d000 	C:\Windows\SYSTEM32\IPHLPAPI.DLL
0x00007fff76010000 - 0x00007fff76018000 	C:\Windows\System32\NSI.dll
0x00007fff70360000 - 0x00007fff70376000 	C:\Windows\SYSTEM32\dhcpcsvc6.DLL
0x00007fff70340000 - 0x00007fff7035c000 	C:\Windows\SYSTEM32\dhcpcsvc.DLL
0x00007fff73b30000 - 0x00007fff73bf6000 	C:\Windows\SYSTEM32\DNSAPI.dll
0x00007fff46120000 - 0x00007fff46131000 	C:\Program Files\Java\jre1.8.0_201\bin\nio.dll
0x0000000180000000 - 0x0000000180053000 	C:\Users\ivane\AppData\Local\Temp\libgdxivane\dc0f0009\lwjgl64.dll
0x00007fff21d10000 - 0x00007fff21e37000 	C:\Windows\SYSTEM32\OPENGL32.dll
0x00007fff61f10000 - 0x00007fff61f3c000 	C:\Windows\SYSTEM32\GLU32.dll
0x00000000214f0000 - 0x0000000021554000 	C:\Users\ivane\AppData\Local\Temp\libgdxivane\dc0f0009\OpenAL64.dll
0x00007fff76730000 - 0x00007fff76885000 	C:\Windows\System32\ole32.dll
0x00007fff72940000 - 0x00007fff729dc000 	C:\Windows\system32\uxtheme.dll
0x00007fff78280000 - 0x00007fff78322000 	C:\Windows\System32\clbcatq.dll
0x00007fff70b10000 - 0x00007fff70cb8000 	C:\Windows\System32\PROPSYS.dll
0x00007fff77e60000 - 0x00007fff77f24000 	C:\Windows\System32\OLEAUT32.dll
0x00007fff4dc20000 - 0x00007fff4dcb6000 	C:\Windows\SYSTEM32\dsound.dll
0x00007fff70620000 - 0x00007fff70690000 	C:\Windows\System32\MMDevApi.dll
0x00007fff74320000 - 0x00007fff74349000 	C:\Windows\System32\DEVOBJ.dll
0x00007fff70690000 - 0x00007fff707d8000 	C:\Windows\SYSTEM32\AUDIOSES.DLL
0x00007fff707e0000 - 0x00007fff70933000 	C:\Windows\SYSTEM32\wintypes.dll
0x00007fff72490000 - 0x00007fff7249a000 	C:\Windows\SYSTEM32\AVRT.dll
0x00007fff6a450000 - 0x00007fff6a63d000 	C:\Windows\SYSTEM32\dbghelp.dll

VM Arguments:
jvm_args: -Duser.language=es_ES -Dfile.encoding=UTF-8 
java_command: org.uqbar.project.wollok.launch.WollokLauncher -requestsPort 0 -eventsPort 0 -folder -wf src/bomberman.wpgm
java_class_path (initial): C:\Users\ivane\git\2019s1-juego-integrador-bomberman\bin;C:\Program Files\Wollok\plugins\com.ibm.icu_56.1.0.v201601250100.jar;C:\Program Files\Wollok\plugins\org.eclipse.xtext_2.11.0.v20170130-0808.jar;C:\Program Files\Wollok\plugins\org.eclipse.emf.ecore.xmi_2.12.0.v20160420-0247.jar;C:\Program Files\Wollok\plugins\org.eclipse.emf.ecore_2.12.0.v20160420-0247.jar;C:\Program Files\Wollok\plugins\org.eclipse.emf.common_2.12.0.v20160420-0247.jar;C:\Program Files\Wollok\plugins\org.antlr.runtime_3.2.0.v201101311130.jar;C:\Program Files\Wollok\plugins\com.google.inject_3.0.0.v201605172100.jar;C:\Program Files\Wollok\plugins\org.eclipse.emf.mwe.core_1.4.0.jar;C:\Program Files\Wollok\plugins\org.apache.commons.cli_1.2.0.v201404270220.jar;C:\Program Files\Wollok\plugins\org.eclipse.emf.mwe2.runtime_2.10.0.jar;C:\Program Files\Wollok\plugins\org.eclipse.emf.mwe.utils_1.4.0.jar;C:\Program Files\Wollok\plugins\org.eclipse.xtext.util_2.11.0.v20170130-0808.jar;C:\Program Files\Wollok\plugins\com.google.guava_15.0.0.v201403281430.jar;C:\Program Files\Wollok\plugins\javax.inject_1.0.0.v20091030.jar;C:\Program Files\Wollok\plugins\org.eclipse.xtext.generator_2.11.0.v20170131-1210.jar;C:\Program Files\Wollok\plugins\org.eclipse.xtext.xtext.generator_2.11.0.v20170130-0808.jar;C:\Program Files\Wollok\plugins\org.eclipse.xtext.xbase.lib_2.11.0.v20170124-1424.jar;C:\Program Files\Wollok\plugins\org.eclipse.emf.codegen.ecore_2.12.0.v20160526-0356.jar;C:\Program Files\Wollok\plugins\org.eclipse.emf.codegen_2.11.0.v20160526-0356.jar;C:\Program Files\Wollok\plugins\org.eclipse.xtend_2.2.0.v201605260315.jar;C:\Program Files\Wollok\plugins\org.eclipse.xpand_2.2.0.v201605260315.jar;C:\Program Files\Wollok\plugins\org.eclipse.xtend.typesystem.emf_2.2.0.v201605260315.jar;C:\Program Files\Wollok\plugins\org.eclipse.emf.mwe2.lib_2.9.0.v201605261103.jar;C:\Program Files\Wollok\plugins\org.uqbar.project.wollok_1.7.5.jar;C:\Program Files\Wollok\plugins\org.eclipse.xtext.x
Launcher Type: SUN_STANDARD

Environment Variables:
PATH=C:/Program Files/Java/jre1.8.0_201/bin/server;C:/Program Files/Java/jre1.8.0_201/bin;C:/Program Files/Java/jre1.8.0_201/lib/amd64;C:\Program Files (x86)\Common Files\Oracle\Java\javapath;C:\Windows\system32;C:\Windows;C:\Windows\System32\Wbem;C:\Windows\System32\WindowsPowerShell\v1.0\;C:\Windows\System32\OpenSSH\;C:\Program Files\PuTTY\;C:\Users\ivane\AppData\Local\Programs\Python\Python37\Scripts\;C:\Users\ivane\AppData\Local\Programs\Python\Python37\;C:\Users\ivane\AppData\Local\Microsoft\WindowsApps;C:\Program Files\Wollok;
USERNAME=ivane
OS=Windows_NT
PROCESSOR_IDENTIFIER=Intel64 Family 6 Model 42 Stepping 7, GenuineIntel



---------------  S Y S T E M  ---------------

OS: Windows 10.0 , 64 bit Build 17763 (10.0.17763.475)

CPU:total 8 (initial active 8) (4 cores per cpu, 2 threads per core) family 6 model 42 stepping 7, cmov, cx8, fxsr, mmx, sse, sse2, sse3, ssse3, sse4.1, sse4.2, popcnt, avx, aes, clmul, ht, tsc, tscinvbit

Memory: 4k page, physical 8351048k(4105248k free), swap 9661768k(3290248k free)

vm_info: Java HotSpot(TM) 64-Bit Server VM (25.201-b09) for windows-amd64 JRE (1.8.0_201-b09), built on Dec 15 2018 18:36:39 by "java_re" with MS VC++ 10.0 (VS2010)

time: Sat Jun 15 06:18:00 2019
timezone: Hora estándar de Argentina
elapsed time: 3 seconds (0d 0h 0m 3s)

